Started GET "/" for ::1 at 2023-01-06 13:58:40 +0530
  [1m[35m (2.9ms)[0m  [1m[34mSELECT sqlite_version(*)[0m
Processing by Rails::WelcomeController#index as HTML
  Rendering /Users/c71391a/.rvm/gems/ruby-2.7.5/gems/railties-6.1.7/lib/rails/templates/rails/welcome/index.html.erb
  Rendered /Users/c71391a/.rvm/gems/ruby-2.7.5/gems/railties-6.1.7/lib/rails/templates/rails/welcome/index.html.erb (Duration: 10.6ms | Allocations: 407)
Completed 200 OK in 35ms (Views: 19.9ms | ActiveRecord: 0.0ms | Allocations: 3651)


Started GET "/favicon.ico" for ::1 at 2023-01-06 13:58:40 +0530
  
ActionController::RoutingError (No route matches [GET] "/favicon.ico"):
  
Started GET "/tests/search" for ::1 at 2023-01-06 14:05:44 +0530
  [1m[35m (1.8ms)[0m  [1m[34mSELECT sqlite_version(*)[0m
  
ActionController::RoutingError (uninitialized constant TestsController
Did you mean?  TestController):
  
Started GET "/tests/search" for ::1 at 2023-01-06 14:06:20 +0530
  [1m[35m (1.5ms)[0m  [1m[34mSELECT sqlite_version(*)[0m
Processing by TestsController#search as */*
Completed 204 No Content in 8ms (ActiveRecord: 0.0ms | Allocations: 1866)


Started GET "/tests/search" for ::1 at 2023-01-06 14:06:53 +0530
Processing by TestsController#search as */*
Completed 200 OK in 6ms (Views: 5.9ms | Allocations: 117)


Started GET "/tests/search" for ::1 at 2023-01-06 14:07:04 +0530
Processing by TestsController#search as */*
Completed 200 OK in 0ms (Views: 0.1ms | Allocations: 102)


Started GET "/tests/search" for ::1 at 2023-01-06 14:07:13 +0530
Processing by TestsController#search as */*
Completed 200 OK in 0ms (Views: 0.1ms | Allocations: 110)


Started GET "/tests/search" for ::1 at 2023-01-06 14:07:20 +0530
Processing by TestsController#search as */*
Completed 200 OK in 1ms (Views: 0.2ms | Allocations: 110)


Started GET "/tests/search" for ::1 at 2023-01-06 14:07:32 +0530
Processing by TestsController#search as */*
Completed 200 OK in 0ms (Views: 0.1ms | Allocations: 110)


Started GET "/tests/search" for ::1 at 2023-01-06 14:07:44 +0530
Processing by TestsController#search as */*
Completed 200 OK in 0ms (Views: 0.2ms | Allocations: 93)


Started GET "/" for ::1 at 2023-01-06 14:25:32 +0530
  [1m[35m (1.1ms)[0m  [1m[34mSELECT sqlite_version(*)[0m
Processing by Rails::WelcomeController#index as HTML
  Rendering /Users/c71391a/.rvm/gems/ruby-2.7.5/gems/railties-6.1.7/lib/rails/templates/rails/welcome/index.html.erb
  Rendered /Users/c71391a/.rvm/gems/ruby-2.7.5/gems/railties-6.1.7/lib/rails/templates/rails/welcome/index.html.erb (Duration: 8.1ms | Allocations: 298)
Completed 200 OK in 19ms (Views: 11.3ms | ActiveRecord: 0.0ms | Allocations: 2325)


Started GET "/favicon.ico" for ::1 at 2023-01-06 14:25:32 +0530
  
ActionController::RoutingError (No route matches [GET] "/favicon.ico"):
  
Started GET "/tests/search" for ::1 at 2023-01-06 14:25:58 +0530
Processing by TestsController#search as */*
Completed 200 OK in 1ms (Views: 0.7ms | ActiveRecord: 0.0ms | Allocations: 162)


Started GET "/tests/search" for ::1 at 2023-01-06 14:38:20 +0530
  [1m[35m (2.1ms)[0m  [1m[34mSELECT sqlite_version(*)[0m
  ↳ app/middleware/cert_expiry.rb:10:in `call'
Processing by TestsController#search as */*
Completed 200 OK in 10ms (Views: 0.2ms | ActiveRecord: 0.0ms | Allocations: 1962)


Started GET "/tests/search" for ::1 at 2023-01-06 14:39:43 +0530
  [1m[35m (0.8ms)[0m  [1m[34mSELECT sqlite_version(*)[0m
  ↳ app/middleware/cert_expiry.rb:10:in `call'
Processing by TestsController#search as */*
Completed 200 OK in 9ms (Views: 0.2ms | ActiveRecord: 0.0ms | Allocations: 1961)


Started GET "/tests/search" for ::1 at 2023-01-06 14:39:57 +0530
Started GET "/tests/search" for ::1 at 2023-01-06 14:41:21 +0530
  [1m[35m (1.3ms)[0m  [1m[34mSELECT sqlite_version(*)[0m
  ↳ app/middleware/cert_expiry.rb:10:in `call'
Processing by TestsController#search as */*
Completed 200 OK in 7ms (Views: 0.2ms | ActiveRecord: 0.0ms | Allocations: 1962)


Started GET "/tests/search" for ::1 at 2023-01-06 14:45:02 +0530
  [1m[35m (1.7ms)[0m  [1m[34mSELECT sqlite_version(*)[0m
  ↳ app/middleware/cert_expiry.rb:10:in `call'
Processing by TestsController#search as */*
Completed 200 OK in 11ms (Views: 0.6ms | ActiveRecord: 0.0ms | Allocations: 1959)


Started GET "/tests/search" for ::1 at 2023-01-06 14:50:41 +0530
  [1m[35m (1.0ms)[0m  [1m[34mSELECT sqlite_version(*)[0m
  ↳ app/middleware/cert_expiry.rb:10:in `call'
Processing by TestsController#search as */*
Completed 200 OK in 12ms (Views: 1.1ms | ActiveRecord: 0.0ms | Allocations: 1959)


Started GET "/tests/search" for ::1 at 2023-01-06 14:50:55 +0530
Started GET "/tests/search" for ::1 at 2023-01-06 14:51:42 +0530
  [1m[35m (0.8ms)[0m  [1m[34mSELECT sqlite_version(*)[0m
  ↳ app/middleware/cert_expiry.rb:10:in `call'
Processing by TestsController#search as */*
Completed 200 OK in 6ms (Views: 0.2ms | ActiveRecord: 0.0ms | Allocations: 1959)


Started GET "/tests/search" for ::1 at 2023-01-06 14:52:58 +0530
  [1m[35m (0.8ms)[0m  [1m[34mSELECT sqlite_version(*)[0m
  ↳ app/middleware/cert_expiry.rb:10:in `call'
Processing by TestsController#search as */*
Completed 200 OK in 6ms (Views: 0.3ms | ActiveRecord: 0.0ms | Allocations: 1959)


Started GET "/tests/search" for ::1 at 2023-01-06 14:53:18 +0530
  [1m[35m (1.0ms)[0m  [1m[34mSELECT sqlite_version(*)[0m
  ↳ app/middleware/cert_expiry.rb:10:in `call'
Processing by TestsController#search as */*
Completed 200 OK in 5ms (Views: 0.2ms | ActiveRecord: 0.0ms | Allocations: 1959)


Started GET "/tests/search" for ::1 at 2023-01-06 14:53:35 +0530
  [1m[35m (1.1ms)[0m  [1m[34mSELECT sqlite_version(*)[0m
  ↳ app/middleware/cert_expiry.rb:10:in `call'
Processing by TestsController#search as */*
Completed 200 OK in 6ms (Views: 0.2ms | ActiveRecord: 0.0ms | Allocations: 1959)


Started GET "/tests/search" for ::1 at 2023-01-06 14:55:02 +0530
  [1m[35m (1.3ms)[0m  [1m[34mSELECT sqlite_version(*)[0m
  ↳ app/middleware/cert_expiry.rb:10:in `call'
Processing by TestsController#search as */*
Completed 200 OK in 5ms (Views: 0.2ms | ActiveRecord: 0.0ms | Allocations: 1959)


Started GET "/tests/search" for ::1 at 2023-01-06 15:00:06 +0530
Started GET "/tests/search" for ::1 at 2023-01-06 15:00:44 +0530
  [1m[35m (0.8ms)[0m  [1m[34mSELECT sqlite_version(*)[0m
  ↳ app/middleware/cert_expiry.rb:10:in `call'
Processing by TestsController#search as */*
Completed 200 OK in 6ms (Views: 0.2ms | ActiveRecord: 0.0ms | Allocations: 1959)


Started GET "/tests/search" for ::1 at 2023-01-06 15:05:32 +0530
  [1m[35m (1.0ms)[0m  [1m[34mSELECT sqlite_version(*)[0m
  ↳ app/middleware/cert_expiry.rb:10:in `call'
Processing by TestsController#search as */*
Completed 200 OK in 8ms (Views: 0.2ms | ActiveRecord: 0.0ms | Allocations: 1959)


Started GET "/tests/search" for ::1 at 2023-01-06 15:09:41 +0530
  [1m[35m (1.0ms)[0m  [1m[34mSELECT sqlite_version(*)[0m
  ↳ app/middleware/cert_expiry.rb:10:in `call'
Processing by TestsController#search as */*
Completed 200 OK in 10ms (Views: 0.3ms | ActiveRecord: 0.0ms | Allocations: 1959)


Started GET "/tests/search" for ::1 at 2023-01-06 15:10:07 +0530
  [1m[35m (0.7ms)[0m  [1m[34mSELECT sqlite_version(*)[0m
  ↳ app/middleware/cert_expiry.rb:10:in `call'
Processing by TestsController#search as */*
Completed 200 OK in 6ms (Views: 0.3ms | ActiveRecord: 0.0ms | Allocations: 1959)


Started GET "/tests/search" for ::1 at 2023-01-06 15:11:42 +0530
  [1m[35m (1.2ms)[0m  [1m[34mSELECT sqlite_version(*)[0m
  ↳ app/middleware/cert_expiry.rb:10:in `call'
Processing by TestsController#search as */*
Completed 200 OK in 11ms (Views: 0.3ms | ActiveRecord: 0.0ms | Allocations: 1959)


Started GET "/tests/search" for ::1 at 2023-01-06 15:12:10 +0530
  [1m[35m (1.1ms)[0m  [1m[34mSELECT sqlite_version(*)[0m
  ↳ app/middleware/cert_expiry.rb:10:in `call'
Processing by TestsController#search as */*
Completed 200 OK in 8ms (Views: 0.2ms | ActiveRecord: 0.0ms | Allocations: 1959)


Started GET "/tests/search" for ::1 at 2023-01-06 15:12:34 +0530
  [1m[35m (1.5ms)[0m  [1m[34mSELECT sqlite_version(*)[0m
  ↳ app/middleware/cert_expiry.rb:10:in `call'
Processing by TestsController#search as */*
Completed 200 OK in 8ms (Views: 0.3ms | ActiveRecord: 0.0ms | Allocations: 1958)


Started GET "/tests/search" for ::1 at 2023-01-06 15:24:01 +0530
  [1m[35m (1.2ms)[0m  [1m[34mSELECT sqlite_version(*)[0m
  ↳ app/middleware/cert_expiry.rb:10:in `call'
Processing by TestsController#search as */*
Completed 200 OK in 9ms (Views: 0.3ms | ActiveRecord: 0.0ms | Allocations: 1959)


Started GET "/tests/search" for ::1 at 2023-01-06 15:25:40 +0530
  [1m[35m (1.0ms)[0m  [1m[34mSELECT sqlite_version(*)[0m
  ↳ app/middleware/cert_expiry.rb:4:in `rescue in call'
Processing by TestsController#search as */*
Completed 200 OK in 5ms (Views: 0.3ms | ActiveRecord: 0.0ms | Allocations: 1954)


Started GET "/tests/search" for ::1 at 2023-01-06 15:26:05 +0530
Processing by TestsController#search as */*
Completed 200 OK in 1ms (Views: 0.2ms | ActiveRecord: 0.0ms | Allocations: 91)


Started GET "/tests/search" for ::1 at 2023-01-06 15:26:11 +0530
Processing by TestsController#search as */*
Completed 200 OK in 0ms (Views: 0.2ms | ActiveRecord: 0.0ms | Allocations: 91)


Started GET "/tests/search" for ::1 at 2023-01-06 15:28:40 +0530
Processing by TestsController#search as */*
Completed 200 OK in 0ms (Views: 0.2ms | ActiveRecord: 0.0ms | Allocations: 91)


Started GET "/tests/search" for ::1 at 2023-01-06 15:34:23 +0530
Processing by TestsController#search as */*
Completed 200 OK in 0ms (Views: 0.2ms | Allocations: 91)


Started GET "/" for ::1 at 2023-01-06 15:35:04 +0530
  [1m[35m (1.6ms)[0m  [1m[34mSELECT sqlite_version(*)[0m
  ↳ app/middleware/cert_expiry.rb:11:in `call'
Processing by Rails::WelcomeController#index as HTML
  Rendering /Users/c71391a/.rvm/gems/ruby-2.7.5/gems/railties-6.1.7/lib/rails/templates/rails/welcome/index.html.erb
  Rendered /Users/c71391a/.rvm/gems/ruby-2.7.5/gems/railties-6.1.7/lib/rails/templates/rails/welcome/index.html.erb (Duration: 5.8ms | Allocations: 298)
Completed 200 OK in 21ms (Views: 11.5ms | ActiveRecord: 0.0ms | Allocations: 2326)


Started GET "/" for ::1 at 2023-01-06 15:35:50 +0530
  [1m[35m (0.7ms)[0m  [1m[34mSELECT sqlite_version(*)[0m
  ↳ app/middleware/cert_expiry.rb:10:in `call'
Processing by Rails::WelcomeController#index as HTML
  Rendering /Users/c71391a/.rvm/gems/ruby-2.7.5/gems/railties-6.1.7/lib/rails/templates/rails/welcome/index.html.erb
  Rendered /Users/c71391a/.rvm/gems/ruby-2.7.5/gems/railties-6.1.7/lib/rails/templates/rails/welcome/index.html.erb (Duration: 5.8ms | Allocations: 298)
Completed 200 OK in 16ms (Views: 9.3ms | ActiveRecord: 0.0ms | Allocations: 2325)


Started GET "/tests/search" for ::1 at 2023-01-06 15:36:14 +0530
  [1m[35m (0.9ms)[0m  [1m[34mSELECT sqlite_version(*)[0m
  ↳ app/middleware/cert_expiry.rb:10:in `call'
Processing by TestsController#search as */*
Completed 200 OK in 5ms (Views: 0.3ms | ActiveRecord: 0.0ms | Allocations: 1959)


Started GET "/tests/search" for ::1 at 2023-01-06 15:42:42 +0530
  [1m[35m (1.6ms)[0m  [1m[34mSELECT sqlite_version(*)[0m
  ↳ app/middleware/cert_expiry.rb:10:in `call'
Processing by TestsController#search as */*
Completed 200 OK in 14ms (Views: 1.0ms | ActiveRecord: 0.0ms | Allocations: 1959)


Started GET "/tests/search" for ::1 at 2023-01-06 16:00:38 +0530
  [1m[35m (1.0ms)[0m  [1m[34mSELECT sqlite_version(*)[0m
  ↳ app/middleware/cert_expiry.rb:10:in `call'
Processing by TestsController#search as */*
Completed 200 OK in 7ms (Views: 0.2ms | ActiveRecord: 0.0ms | Allocations: 1959)


Started GET "/tests/search" for ::1 at 2023-01-06 16:03:28 +0530
  [1m[35m (1.3ms)[0m  [1m[34mSELECT sqlite_version(*)[0m
  ↳ app/middleware/cert_expiry.rb:10:in `call'
Processing by TestsController#search as */*
Completed 200 OK in 7ms (Views: 0.3ms | ActiveRecord: 0.0ms | Allocations: 1959)


Started GET "/tests/search" for 127.0.0.1 at 2023-01-06 16:10:20 +0530
  [1m[35m (2.0ms)[0m  [1m[34mSELECT sqlite_version(*)[0m
  ↳ app/middleware/cert_expiry.rb:10:in `call'
Processing by TestsController#search as */*
Completed 200 OK in 6ms (Views: 0.2ms | ActiveRecord: 0.0ms | Allocations: 1959)


Started GET "/tests/search" for 127.0.0.1 at 2023-01-06 16:12:39 +0530
  [1m[35m (1.1ms)[0m  [1m[34mSELECT sqlite_version(*)[0m
  ↳ app/middleware/cert_expiry.rb:10:in `call'
Processing by TestsController#search as */*
Completed 200 OK in 11ms (Views: 0.2ms | ActiveRecord: 0.0ms | Allocations: 1959)


Started GET "/tests/search" for 127.0.0.1 at 2023-01-06 16:13:37 +0530
  [1m[35m (1.7ms)[0m  [1m[34mSELECT sqlite_version(*)[0m
  ↳ app/middleware/cert_expiry.rb:10:in `call'
Processing by TestsController#search as */*
Completed 200 OK in 7ms (Views: 0.2ms | ActiveRecord: 0.0ms | Allocations: 1959)


Started GET "/tests/search" for 127.0.0.1 at 2023-01-06 16:14:42 +0530
  [1m[35m (1.0ms)[0m  [1m[34mSELECT sqlite_version(*)[0m
  ↳ app/middleware/cert_expiry.rb:10:in `call'
Processing by TestsController#search as */*
Completed 200 OK in 6ms (Views: 0.4ms | ActiveRecord: 0.0ms | Allocations: 1959)


Started GET "/tests/search" for 127.0.0.1 at 2023-01-06 16:15:48 +0530
  [1m[35m (0.9ms)[0m  [1m[34mSELECT sqlite_version(*)[0m
  ↳ app/middleware/cert_expiry.rb:10:in `call'
Processing by TestsController#search as */*
Completed 200 OK in 5ms (Views: 0.2ms | ActiveRecord: 0.0ms | Allocations: 1959)


Started GET "/tests/search" for 127.0.0.1 at 2023-01-06 16:17:15 +0530
  [1m[35m (1.1ms)[0m  [1m[34mSELECT sqlite_version(*)[0m
  ↳ app/middleware/cert_expiry.rb:10:in `call'
Processing by TestsController#search as */*
Completed 200 OK in 6ms (Views: 0.2ms | ActiveRecord: 0.0ms | Allocations: 1959)


  [1m[35m (2.3ms)[0m  [1m[34mSELECT sqlite_version(*)[0m
  [1m[35m (7.7ms)[0m  [1m[35mCREATE TABLE "schema_migrations" ("version" varchar NOT NULL PRIMARY KEY)[0m
  [1m[35m (2.3ms)[0m  [1m[35mCREATE TABLE "ar_internal_metadata" ("key" varchar NOT NULL PRIMARY KEY, "value" varchar, "created_at" datetime(6) NOT NULL, "updated_at" datetime(6) NOT NULL)[0m
  [1m[36mActiveRecord::InternalMetadata Load (1.1ms)[0m  [1m[34mSELECT "ar_internal_metadata".* FROM "ar_internal_metadata" WHERE "ar_internal_metadata"."key" = ? LIMIT ?[0m  [["key", "environment"], ["LIMIT", 1]]
  [1m[36mTRANSACTION (0.0ms)[0m  [1m[36mbegin transaction[0m
  [1m[36mActiveRecord::InternalMetadata Create (0.6ms)[0m  [1m[32mINSERT INTO "ar_internal_metadata" ("key", "value", "created_at", "updated_at") VALUES (?, ?, ?, ?)[0m  [["key", "environment"], ["value", "development"], ["created_at", "2023-01-06 11:27:42.736847"], ["updated_at", "2023-01-06 11:27:42.736847"]]
  [1m[36mTRANSACTION (1.3ms)[0m  [1m[36mcommit transaction[0m
  [1m[35m (0.1ms)[0m  [1m[34mSELECT sqlite_version(*)[0m
  [1m[35m (0.1ms)[0m  [1m[34mSELECT "schema_migrations"."version" FROM "schema_migrations" ORDER BY "schema_migrations"."version" ASC[0m
Started GET "/tests/search" for 127.0.0.1 at 2023-01-06 17:09:50 +0530
  [1m[35m (0.8ms)[0m  [1m[34mSELECT sqlite_version(*)[0m
  ↳ app/middleware/cert_expiry.rb:10:in `call'
  [1m[35m (0.6ms)[0m  [1m[34mSELECT "schema_migrations"."version" FROM "schema_migrations" ORDER BY "schema_migrations"."version" ASC[0m
  ↳ app/middleware/cert_expiry.rb:10:in `call'
Processing by TestsController#search as */*
Completed 200 OK in 8ms (Views: 0.2ms | ActiveRecord: 0.0ms | Allocations: 1957)


Started GET "/tests/search" for 127.0.0.1 at 2023-01-06 17:22:19 +0530
  [1m[35m (1.2ms)[0m  [1m[34mSELECT sqlite_version(*)[0m
  [1m[35m (0.6ms)[0m  [1m[34mSELECT "schema_migrations"."version" FROM "schema_migrations" ORDER BY "schema_migrations"."version" ASC[0m
Processing by TestsController#search as */*
Completed 200 OK in 8ms (Views: 0.2ms | ActiveRecord: 0.0ms | Allocations: 1958)


  
NoMethodError (undefined method `first' for #<ActionDispatch::Response::RackBody:0x00007fa71095a8d0>):
  
lib/middlewares/cert_expiry.rb:18:in `insert_expiry_date'
lib/middlewares/cert_expiry.rb:11:in `call'
Started GET "/tests/search" for 127.0.0.1 at 2023-01-06 18:07:17 +0530
  [1m[35m (1.3ms)[0m  [1m[34mSELECT sqlite_version(*)[0m
  [1m[35m (0.5ms)[0m  [1m[34mSELECT "schema_migrations"."version" FROM "schema_migrations" ORDER BY "schema_migrations"."version" ASC[0m
Processing by TestsController#search as */*
Completed 200 OK in 9ms (Views: 0.4ms | ActiveRecord: 0.0ms | Allocations: 1958)


  
NoMethodError (undefined method `first' for #<ActionDispatch::Response::RackBody:0x00007ff5019e17b0>):
  
lib/middlewares/cert_expiry.rb:18:in `insert_expiry_date'
lib/middlewares/cert_expiry.rb:11:in `call'
Started GET "/tests/search" for 127.0.0.1 at 2023-01-06 18:08:40 +0530
  [1m[35m (1.1ms)[0m  [1m[34mSELECT sqlite_version(*)[0m
  [1m[35m (0.7ms)[0m  [1m[34mSELECT "schema_migrations"."version" FROM "schema_migrations" ORDER BY "schema_migrations"."version" ASC[0m
Processing by TestsController#search as */*
Completed 200 OK in 6ms (Views: 0.2ms | ActiveRecord: 0.0ms | Allocations: 1958)


Started GET "/tests/search" for 127.0.0.1 at 2023-01-06 18:55:04 +0530
  [1m[35m (1.2ms)[0m  [1m[34mSELECT sqlite_version(*)[0m
  [1m[35m (0.5ms)[0m  [1m[34mSELECT "schema_migrations"."version" FROM "schema_migrations" ORDER BY "schema_migrations"."version" ASC[0m
Processing by TestsController#search as */*
Completed 200 OK in 9ms (Views: 0.6ms | ActiveRecord: 0.0ms | Allocations: 1957)


Started GET "/base/search" for 127.0.0.1 at 2023-01-06 19:02:05 +0530
  [1m[35m (0.9ms)[0m  [1m[34mSELECT sqlite_version(*)[0m
  [1m[35m (0.7ms)[0m  [1m[34mSELECT "schema_migrations"."version" FROM "schema_migrations" ORDER BY "schema_migrations"."version" ASC[0m
Processing by BaseController#search as */*
Completed 200 OK in 6ms (Views: 0.2ms | ActiveRecord: 0.0ms | Allocations: 1958)


Started GET "/base/search" for 127.0.0.1 at 2023-01-06 19:57:43 +0530
  [1m[35m (1.5ms)[0m  [1m[34mSELECT sqlite_version(*)[0m
  [1m[35m (0.6ms)[0m  [1m[34mSELECT "schema_migrations"."version" FROM "schema_migrations" ORDER BY "schema_migrations"."version" ASC[0m
Processing by BaseController#search as */*
Completed 200 OK in 9ms (Views: 0.4ms | ActiveRecord: 0.0ms | Allocations: 1956)


Started GET "/base/search" for 127.0.0.1 at 2023-01-06 20:08:05 +0530
  [1m[35m (1.5ms)[0m  [1m[34mSELECT sqlite_version(*)[0m
  [1m[35m (0.7ms)[0m  [1m[34mSELECT "schema_migrations"."version" FROM "schema_migrations" ORDER BY "schema_migrations"."version" ASC[0m
Processing by BaseController#search as */*
Completed 200 OK in 9ms (Views: 0.2ms | ActiveRecord: 0.0ms | Allocations: 1956)


Started GET "/base/search" for 127.0.0.1 at 2023-01-06 20:09:10 +0530
  [1m[35m (1.2ms)[0m  [1m[34mSELECT sqlite_version(*)[0m
  [1m[35m (0.5ms)[0m  [1m[34mSELECT "schema_migrations"."version" FROM "schema_migrations" ORDER BY "schema_migrations"."version" ASC[0m
Processing by BaseController#search as */*
Completed 200 OK in 5ms (Views: 0.2ms | ActiveRecord: 0.0ms | Allocations: 1956)


Started GET "/base/search" for 127.0.0.1 at 2023-01-06 20:10:02 +0530
  [1m[35m (0.9ms)[0m  [1m[34mSELECT sqlite_version(*)[0m
  [1m[35m (0.2ms)[0m  [1m[34mSELECT "schema_migrations"."version" FROM "schema_migrations" ORDER BY "schema_migrations"."version" ASC[0m
Processing by BaseController#search as */*
Completed 200 OK in 5ms (Views: 0.2ms | ActiveRecord: 0.0ms | Allocations: 1956)


Started GET "/base/search" for 127.0.0.1 at 2023-01-06 20:17:53 +0530
  [1m[35m (1.9ms)[0m  [1m[34mSELECT sqlite_version(*)[0m
  [1m[35m (0.6ms)[0m  [1m[34mSELECT "schema_migrations"."version" FROM "schema_migrations" ORDER BY "schema_migrations"."version" ASC[0m
Processing by BaseController#search as */*
Completed 200 OK in 8ms (Views: 0.3ms | ActiveRecord: 0.0ms | Allocations: 1956)


  
Errno::ENOENT (No such file or directory @ rb_sysopen - certificate.pem):
  
lib/middlewares/cert_expiry.rb:17:in `read'
lib/middlewares/cert_expiry.rb:17:in `insert_expiry_date'
lib/middlewares/cert_expiry.rb:11:in `call'
Started GET "/base/search" for 127.0.0.1 at 2023-01-06 20:18:36 +0530
  [1m[35m (1.4ms)[0m  [1m[34mSELECT sqlite_version(*)[0m
  [1m[35m (0.7ms)[0m  [1m[34mSELECT "schema_migrations"."version" FROM "schema_migrations" ORDER BY "schema_migrations"."version" ASC[0m
Processing by BaseController#search as */*
Completed 200 OK in 8ms (Views: 0.4ms | ActiveRecord: 0.0ms | Allocations: 1957)


Started GET "/base/search" for 127.0.0.1 at 2023-01-06 20:20:16 +0530
  [1m[35m (0.7ms)[0m  [1m[34mSELECT sqlite_version(*)[0m
  [1m[35m (0.2ms)[0m  [1m[34mSELECT "schema_migrations"."version" FROM "schema_migrations" ORDER BY "schema_migrations"."version" ASC[0m
Processing by BaseController#search as */*
Completed 200 OK in 5ms (Views: 0.2ms | ActiveRecord: 0.0ms | Allocations: 1956)


